[2026-05-02 12:08:36] [DEBUG] Virtual environment desativado
[2026-05-02 12:08:36] [DEBUG] Otimizando performance...
[2026-05-02 12:08:36] [INFO] Iniciando ATENA Ω em modo interativo...
[2026-05-02 12:08:37] [DEBUG] Detectando ambiente...
[2026-05-02 12:08:37] [INFO] Ambiente detectado: CI/CD (GitHub Actions)
[2026-05-02 12:08:37] [DEBUG] Verificando dependências do sistema...
[2026-05-02 12:08:37] [DEBUG] Python version: 3.11
[2026-05-02 12:08:37] [DEBUG] Configurando variáveis de ambiente...
[2026-05-02 12:08:37] [DEBUG] Virtual environment desativado
[2026-05-02 12:08:37] [DEBUG] Otimizando performance...
[2026-05-02 12:08:37] [INFO] Iniciando ATENA Ω em modo interativo...
[2026-05-02 13:54:05] [DEBUG] Detectando ambiente...
[2026-05-02 13:54:05] [INFO] Ambiente detectado: CI/CD (GitHub Actions)
[2026-05-02 13:54:05] [DEBUG] Verificando dependências do sistema...
[2026-05-02 13:54:05] [DEBUG] Python version: 3.11
[2026-05-02 13:54:05] [DEBUG] Configurando variáveis de ambiente...
[2026-05-02 13:54:05] [DEBUG] Virtual environment desativado
[2026-05-02 13:54:05] [DEBUG] Otimizando performance...
[2026-05-02 13:54:05] [INFO] Iniciando ATENA Ω em modo interativo...
[2026-05-02 13:54:05] [DEBUG] Detectando ambiente...
[2026-05-02 13:54:05] [INFO] Ambiente detectado: CI/CD (GitHub Actions)
[2026-05-02 13:54:05] [DEBUG] Verificando dependências do sistema...
[2026-05-02 13:54:05] [DEBUG] Python version: 3.11
[2026-05-02 13:54:05] [DEBUG] Configurando variáveis de ambiente...
[2026-05-02 13:54:05] [DEBUG] Virtual environment desativado
[2026-05-02 13:54:05] [DEBUG] Otimizando performance...
[2026-05-02 13:54:05] [INFO] Iniciando ATENA Ω em modo interativo...
[2026-05-02 14:43:02] [DEBUG] Detectando ambiente...
[2026-05-02 14:43:02] [INFO] Ambiente detectado: CI/CD (GitHub Actions)
[2026-05-02 14:43:02] [DEBUG] Verificando dependências do sistema...
[2026-05-02 14:43:02] [DEBUG] Python version: 3.11
[2026-05-02 14:43:02] [DEBUG] Configurando variáveis de ambiente...
[2026-05-02 14:43:02] [DEBUG] Virtual environment desativado
[2026-05-02 14:43:02] [DEBUG] Otimizando performance...
[2026-05-02 14:43:02] [INFO] Iniciando ATENA Ω em modo interativo...
[2026-05-02 14:43:02] [DEBUG] Detectando ambiente...
[2026-05-02 14:43:02] [INFO] Ambiente detectado: CI/CD (GitHub Actions)
[2026-05-02 14:43:02] [DEBUG] Verificando dependências do sistema...
[2026-05-02 14:43:02] [DEBUG] Python version: 3.11
[2026-05-02 14:43:03] [DEBUG] Configurando variáveis de ambiente...
[2026-05-02 14:43:03] [DEBUG] Virtual environment desativado
[2026-05-02 14:43:03] [DEBUG] Otimizando performance...
[2026-05-02 14:43:03] [INFO] Iniciando ATENA Ω em modo interativo...
[2026-05-02 15:41:16] [DEBUG] Detectando ambiente...
[2026-05-02 15:41:16] [INFO] Ambiente detectado: CI/CD (GitHub Actions)
[2026-05-02 15:41:16] [DEBUG] Verificando dependências do sistema...
[2026-05-02 15:41:16] [DEBUG] Python version: 3.11
[2026-05-02 15:41:16] [DEBUG] Configurando variáveis de ambiente...
[2026-05-02 15:41:16] [DEBUG] Virtual environment desativado
[2026-05-02 15:41:16] [DEBUG] Otimizando performance...
[2026-05-02 15:41:16] [INFO] Iniciando ATENA Ω em modo interativo...
[2026-05-02 15:41:16] [DEBUG] Detectando ambiente...
[2026-05-02 15:41:16] [INFO] Ambiente detectado: CI/CD (GitHub Actions)
[2026-05-02 15:41:16] [DEBUG] Verificando dependências do sistema...
[2026-05-02 15:41:16] [DEBUG] Python version: 3.11
[2026-05-02 15:41:16] [DEBUG] Configurando variáveis de ambiente...
[2026-05-02 15:41:16] [DEBUG] Virtual environment desativado
[2026-05-02 15:41:16] [DEBUG] Otimizando performance...
[2026-05-02 15:41:16] [INFO] Iniciando ATENA Ω em modo interativo...
[2026-05-02 18:31:47] [DEBUG] Detectando ambiente...
[2026-05-02 18:31:47] [INFO] Ambiente detectado: Container (Docker)
[2026-05-02 18:31:47] [DEBUG] Verificando dependências do sistema...
[2026-05-02 18:31:48] [DEBUG] Python version: 3.10
[2026-05-02 18:31:48] [DEBUG] Configurando variáveis de ambiente...
[2026-05-02 18:31:48] [DEBUG] Virtual environment desativado
[2026-05-02 18:31:48] [DEBUG] Otimizando performance...
[2026-05-02 18:31:49] [INFO] Iniciando ATENA Ω em modo interativo...
[2026-05-02 18:31:49] [INFO] Verificando prontidão de endpoint para mouse/teclado/OCR...
[2026-05-02 18:31:53] [WARNING] Endpoint não pronto. Executando instalação automática de dependências...
[2026-05-02 18:33:18] [WARNING] Instalação automática parcial/sem permissões completas.
[2026-05-02 18:36:27] [DEBUG] Detectando ambiente...
[2026-05-02 18:36:27] [INFO] Ambiente detectado: Container (Docker)
[2026-05-02 18:36:27] [DEBUG] Verificando dependências do sistema...
[2026-05-02 18:36:29] [DEBUG] Python version: 3.10
[2026-05-02 18:36:29] [DEBUG] Configurando variáveis de ambiente...
[2026-05-02 18:36:29] [DEBUG] Virtual environment desativado
[2026-05-02 18:36:29] [DEBUG] Otimizando performance...
[2026-05-02 18:36:30] [INFO] Iniciando ATENA Ω em modo interativo...
[2026-05-02 18:36:30] [INFO] Verificando prontidão de endpoint para mouse/teclado/OCR...
[2026-05-02 18:36:33] [WARNING] Endpoint não pronto. Executando instalação automática de dependências...
[2026-05-02 18:36:58] [WARNING] Instalação automática parcial/sem permissões completas.
[2026-05-03 01:35:53] [DEBUG] Detectando ambiente...
[2026-05-03 01:35:53] [INFO] Ambiente detectado: Container (Docker)
[2026-05-03 01:35:53] [DEBUG] Verificando dependências do sistema...
[2026-05-03 01:35:54] [DEBUG] Python version: 3.10
[2026-05-03 01:35:54] [DEBUG] Configurando variáveis de ambiente...
[2026-05-03 01:35:54] [DEBUG] Virtual environment desativado
[2026-05-03 01:35:54] [DEBUG] Otimizando performance...
[2026-05-03 01:35:55] [INFO] Iniciando ATENA Ω em modo interativo...
[2026-05-03 01:35:55] [INFO] Verificando prontidão de endpoint para mouse/teclado/OCR...
[2026-05-03 01:35:56] [WARNING] Endpoint não pronto. Executando instalação automática de dependências...
[2026-05-03 01:36:59] [WARNING] Instalação automática parcial/sem permissões completas.
[2026-05-03 01:37:08] [DEBUG] Detectando ambiente...
[2026-05-03 01:37:08] [INFO] Ambiente detectado: Container (Docker)
[2026-05-03 01:37:08] [DEBUG] Verificando dependências do sistema...
[2026-05-03 01:37:09] [DEBUG] Python version: 3.10
[2026-05-03 01:37:09] [DEBUG] Configurando variáveis de ambiente...
[2026-05-03 01:37:09] [DEBUG] Virtual environment desativado
[2026-05-03 01:37:09] [DEBUG] Otimizando performance...
[2026-05-03 01:37:09] [INFO] Iniciando ATENA Ω em modo interativo...
[2026-05-03 01:37:09] [INFO] Auto-setup de endpoint desativado (ATENA_AUTO_ENDPOINT_SETUP=false).
[2026-05-03 23:46:35] [DEBUG] Detectando ambiente...
[2026-05-03 23:46:35] [INFO] Ambiente detectado: Container (Docker)
[2026-05-03 23:46:35] [DEBUG] Verificando dependências do sistema...
[2026-05-03 23:46:36] [DEBUG] Python version: 3.10
[2026-05-03 23:46:37] [DEBUG] Configurando variáveis de ambiente...
[2026-05-03 23:46:37] [DEBUG] Virtual environment desativado
[2026-05-03 23:46:37] [DEBUG] Otimizando performance...
[2026-05-03 23:46:38] [INFO] Iniciando assistente de terminal...
[2026-05-03 23:46:38] [INFO] Verificando prontidão de endpoint para mouse/teclado/OCR...
[2026-05-03 23:46:39] [WARNING] Endpoint não pronto. Executando instalação automática de dependências...
[2026-06-13 16:03:58] [DEBUG] Detectando ambiente...
[2026-06-13 16:03:58] [INFO] Ambiente detectado: Container (Docker)
[2026-06-13 16:03:58] [DEBUG] Verificando dependências do sistema...
[2026-06-13 16:03:58] [DEBUG] Python version: 3.12
[2026-06-13 16:03:58] [DEBUG] Configurando variáveis de ambiente...
[2026-06-13 16:03:58] [DEBUG] Virtual environment desativado
[2026-06-13 16:03:58] [DEBUG] Otimizando performance...
[2026-06-13 16:03:58] [DEBUG] Removendo logs com mais de 30 dias...
[2026-06-13 16:03:58] [INFO] Iniciando ATENA Ω em modo interativo...
[2026-06-13 16:03:58] [DEBUG] Instalador de endpoint não encontrado: /home/ubuntu/Atena-IA/setup/install_endpoint_readiness.sh
[2026-06-13 16:04:28] [DEBUG] Detectando ambiente...
[2026-06-13 16:04:28] [INFO] Ambiente detectado: Container (Docker)
[2026-06-13 16:04:28] [DEBUG] Verificando dependências do sistema...
[2026-06-13 16:04:28] [DEBUG] Python version: 3.12
[2026-06-13 16:04:28] [DEBUG] Configurando variáveis de ambiente...
[2026-06-13 16:04:28] [DEBUG] Virtual environment desativado
[2026-06-13 16:04:28] [DEBUG] Otimizando performance...
[2026-06-13 16:04:28] [WARNING] ATENA já está em execução (PID: 1571)
[2026-06-13 16:04:28] [ERROR] Use ATENA_FORCE=true para forçar execução
[2026-06-13 16:04:32] [DEBUG] Detectando ambiente...
[2026-06-13 16:04:32] [INFO] Ambiente detectado: Container (Docker)
[2026-06-13 16:04:32] [DEBUG] Verificando dependências do sistema...
[2026-06-13 16:04:32] [DEBUG] Python version: 3.12
[2026-06-13 16:04:32] [DEBUG] Configurando variáveis de ambiente...
[2026-06-13 16:04:32] [DEBUG] Virtual environment desativado
[2026-06-13 16:04:32] [DEBUG] Otimizando performance...
[2026-06-13 16:04:32] [WARNING] ATENA já está em execução (PID: 1571)
[2026-06-13 16:04:32] [WARNING] Forçando execução...
[2026-06-13 16:04:32] [DEBUG] Removendo logs com mais de 30 dias...
[2026-06-13 16:04:32] [INFO] Iniciando ATENA Ω em modo interativo...
[2026-06-13 16:04:32] [DEBUG] Instalador de endpoint não encontrado: /home/ubuntu/Atena-IA/setup/install_endpoint_readiness.sh
[2026-06-13 16:05:06] [DEBUG] Detectando ambiente...
[2026-06-13 16:05:06] [INFO] Ambiente detectado: Container (Docker)
[2026-06-13 16:05:06] [DEBUG] Verificando dependências do sistema...
[2026-06-13 16:05:06] [DEBUG] Python version: 3.12
[2026-06-13 16:05:06] [DEBUG] Configurando variáveis de ambiente...
[2026-06-13 16:05:06] [DEBUG] Virtual environment desativado
[2026-06-13 16:05:06] [DEBUG] Otimizando performance...
[2026-06-13 16:05:06] [WARNING] ATENA já está em execução (PID: 1781)
[2026-06-13 16:05:06] [WARNING] Forçando execução...
[2026-06-13 16:05:06] [DEBUG] Removendo logs com mais de 30 dias...
[2026-06-13 16:05:06] [INFO] Iniciando ATENA Ω em modo interativo...
[2026-06-13 16:05:06] [DEBUG] Instalador de endpoint não encontrado: /home/ubuntu/Atena-IA/setup/install_endpoint_readiness.sh
[2026-06-13 16:05:54] [DEBUG] Detectando ambiente...
[2026-06-13 16:05:54] [INFO] Ambiente detectado: Container (Docker)
[2026-06-13 16:05:54] [DEBUG] Verificando dependências do sistema...
[2026-06-13 16:05:54] [DEBUG] Python version: 3.12
[2026-06-13 16:05:54] [DEBUG] Configurando variáveis de ambiente...
[2026-06-13 16:05:54] [DEBUG] Virtual environment desativado
[2026-06-13 16:05:54] [DEBUG] Otimizando performance...
[2026-06-13 16:05:54] [WARNING] ATENA já está em execução (PID: 1951)
[2026-06-13 16:05:54] [WARNING] Forçando execução...
[2026-06-13 16:05:54] [DEBUG] Removendo logs com mais de 30 dias...
[2026-06-13 16:05:54] [INFO] Iniciando ATENA Ω em modo interativo...
[2026-06-13 16:05:54] [DEBUG] Instalador de endpoint não encontrado: /home/ubuntu/Atena-IA/setup/install_endpoint_readiness.sh
[2026-06-13 16:06:27] [DEBUG] Detectando ambiente...
[2026-06-13 16:06:27] [INFO] Ambiente detectado: Container (Docker)
[2026-06-13 16:06:27] [DEBUG] Verificando dependências do sistema...
[2026-06-13 16:06:27] [DEBUG] Python version: 3.12
[2026-06-13 16:06:27] [DEBUG] Configurando variáveis de ambiente...
[2026-06-13 16:06:27] [DEBUG] Virtual environment desativado
[2026-06-13 16:06:27] [DEBUG] Otimizando performance...
[2026-06-13 16:06:27] [WARNING] ATENA já está em execução (PID: 2139)
[2026-06-13 16:06:27] [WARNING] Forçando execução...
[2026-06-13 16:06:27] [DEBUG] Removendo logs com mais de 30 dias...
[2026-06-13 16:06:27] [INFO] Iniciando ATENA Ω em modo interativo...
[2026-06-13 16:06:27] [DEBUG] Instalador de endpoint não encontrado: /home/ubuntu/Atena-IA/setup/install_endpoint_readiness.sh
[2026-06-13 16:07:01] [DEBUG] Detectando ambiente...
[2026-06-13 16:07:01] [INFO] Ambiente detectado: Container (Docker)
[2026-06-13 16:07:01] [DEBUG] Verificando dependências do sistema...
[2026-06-13 16:07:01] [DEBUG] Python version: 3.12
[2026-06-13 16:07:01] [DEBUG] Configurando variáveis de ambiente...
[2026-06-13 16:07:01] [DEBUG] Virtual environment desativado
[2026-06-13 16:07:01] [DEBUG] Otimizando performance...
[2026-06-13 16:07:01] [WARNING] ATENA já está em execução (PID: 2307)
[2026-06-13 16:07:01] [WARNING] Forçando execução...
[2026-06-13 16:07:01] [DEBUG] Removendo logs com mais de 30 dias...
[2026-06-13 16:07:01] [INFO] Iniciando ATENA Ω em modo interativo...
[2026-06-13 16:07:01] [DEBUG] Instalador de endpoint não encontrado: /home/ubuntu/Atena-IA/setup/install_endpoint_readiness.sh
[2026-06-13 16:08:03] [DEBUG] Detectando ambiente...
[2026-06-13 16:08:03] [INFO] Ambiente detectado: Container (Docker)
[2026-06-13 16:08:03] [DEBUG] Verificando dependências do sistema...
[2026-06-13 16:08:03] [DEBUG] Python version: 3.12
[2026-06-13 16:08:03] [DEBUG] Configurando variáveis de ambiente...
[2026-06-13 16:08:04] [DEBUG] Virtual environment desativado
[2026-06-13 16:08:04] [DEBUG] Otimizando performance...
[2026-06-13 16:08:04] [WARNING] ATENA já está em execução (PID: 2493)
[2026-06-13 16:08:04] [WARNING] Forçando execução...
[2026-06-13 16:08:04] [DEBUG] Removendo logs com mais de 30 dias...
[2026-06-13 16:08:04] [INFO] Iniciando ATENA Ω em modo interativo...
[2026-06-13 16:08:04] [DEBUG] Instalador de endpoint não encontrado: /home/ubuntu/Atena-IA/setup/install_endpoint_readiness.sh
[2026-06-13 16:09:36] [DEBUG] Detectando ambiente...
[2026-06-13 16:09:36] [INFO] Ambiente detectado: Container (Docker)
[2026-06-13 16:09:36] [DEBUG] Verificando dependências do sistema...
[2026-06-13 16:09:36] [DEBUG] Python version: 3.12
[2026-06-13 16:09:36] [DEBUG] Configurando variáveis de ambiente...
[2026-06-13 16:09:36] [DEBUG] Virtual environment desativado
[2026-06-13 16:09:36] [DEBUG] Otimizando performance...
[2026-06-13 16:09:36] [WARNING] ATENA já está em execução (PID: 2743)
[2026-06-13 16:09:36] [WARNING] Forçando execução...
[2026-06-13 16:09:36] [DEBUG] Removendo logs com mais de 30 dias...
[2026-06-13 16:09:36] [INFO] Iniciando assistente de terminal...
[2026-06-13 16:09:36] [DEBUG] Instalador de endpoint não encontrado: /home/ubuntu/Atena-IA/setup/install_endpoint_readiness.sh
[2026-06-13 16:11:07] [DEBUG] Detectando ambiente...
[2026-06-13 16:11:07] [INFO] Ambiente detectado: Container (Docker)
[2026-06-13 16:11:07] [DEBUG] Verificando dependências do sistema...
[2026-06-13 16:11:08] [DEBUG] Python version: 3.12
[2026-06-13 16:11:08] [DEBUG] Configurando variáveis de ambiente...
[2026-06-13 16:11:08] [DEBUG] Virtual environment desativado
[2026-06-13 16:11:08] [DEBUG] Otimizando performance...
[2026-06-13 16:11:08] [WARNING] ATENA já está em execução (PID: 2959)
[2026-06-13 16:11:08] [WARNING] Forçando execução...
[2026-06-13 16:11:08] [DEBUG] Removendo logs com mais de 30 dias...
[2026-06-13 16:11:08] [INFO] Iniciando ATENA Ω em modo interativo...
[2026-06-13 16:11:08] [DEBUG] Instalador de endpoint não encontrado: /home/ubuntu/Atena-IA/setup/install_endpoint_readiness.sh
[2026-06-13 16:13:41] [DEBUG] Detectando ambiente...
[2026-06-13 16:13:41] [INFO] Ambiente detectado: Container (Docker)
[2026-06-13 16:13:41] [DEBUG] Verificando dependências do sistema...
[2026-06-13 16:13:41] [DEBUG] Python version: 3.12
[2026-06-13 16:13:41] [DEBUG] Configurando variáveis de ambiente...
[2026-06-13 16:13:41] [DEBUG] Virtual environment desativado
[2026-06-13 16:13:41] [DEBUG] Otimizando performance...
[2026-06-13 16:13:41] [WARNING] ATENA já está em execução (PID: 3244)
[2026-06-13 16:13:41] [WARNING] Forçando execução...
[2026-06-13 16:13:41] [DEBUG] Removendo logs com mais de 30 dias...
[2026-06-13 16:13:41] [INFO] Iniciando ATENA Ω em modo interativo...
[2026-06-13 16:13:41] [DEBUG] Instalador de endpoint não encontrado: /home/ubuntu/Atena-IA/setup/install_endpoint_readiness.sh
[2026-06-13 16:14:19] [DEBUG] Detectando ambiente...
[2026-06-13 16:14:19] [INFO] Ambiente detectado: Container (Docker)
[2026-06-13 16:14:19] [DEBUG] Verificando dependências do sistema...
[2026-06-13 16:14:19] [DEBUG] Python version: 3.12
[2026-06-13 16:14:19] [DEBUG] Configurando variáveis de ambiente...
[2026-06-13 16:14:19] [DEBUG] Virtual environment desativado
[2026-06-13 16:14:19] [DEBUG] Otimizando performance...
[2026-06-13 16:14:19] [WARNING] ATENA já está em execução (PID: 3472)
[2026-06-13 16:14:19] [WARNING] Forçando execução...
[2026-06-13 16:14:19] [DEBUG] Removendo logs com mais de 30 dias...
[2026-06-13 16:14:19] [INFO] Iniciando ATENA Ω em modo interativo...
[2026-06-13 16:14:19] [DEBUG] Instalador de endpoint não encontrado: /home/ubuntu/Atena-IA/setup/install_endpoint_readiness.sh
